<?xml version="1.0" encoding="UTF-8"?>
<!-- Generated by org.testng.reporters.JUnitReportReporter -->
<testsuite skipped="0" hostname="Siddharth" name="RSA.RSA_Maven.AppiumTest" tests="2" failures="0" timestamp="02 Aug 2021 02:38:28 GMT" time="0.026" errors="0">
  <testcase name="c_startAppium" time="0.026" classname="RSA.RSA_Maven.AppiumTest"/>
  <testcase name="d_endAppium" time="0.000" classname="RSA.RSA_Maven.AppiumTest"/>
</testsuite> <!-- RSA.RSA_Maven.AppiumTest -->
