<?xml version="1.0" encoding="UTF-8"?>
<!-- Generated by org.testng.reporters.JUnitReportReporter -->
<testsuite skipped="0" hostname="Siddharth" name="RSA.RSA_Maven.SeleniumTest" tests="2" failures="0" timestamp="02 Aug 2021 02:38:28 GMT" time="0.002" errors="0">
  <testcase name="a_startBrowser" time="0.001" classname="RSA.RSA_Maven.SeleniumTest"/>
  <testcase name="b_endBrowser" time="0.001" classname="RSA.RSA_Maven.SeleniumTest"/>
</testsuite> <!-- RSA.RSA_Maven.SeleniumTest -->
